e:\wotlk\wow - wotlk (modern textures)\simc bak\simc\debug\vc142.pdb
e:\wotlk\wow - wotlk (modern textures)\simc bak\simc\debug\vc142.idb
e:\wotlk\wow - wotlk (modern textures)\simc bak\simc\debug\sc_xml.obj
e:\wotlk\wow - wotlk (modern textures)\simc bak\simc\debug\sc_wowhead.obj
e:\wotlk\wow - wotlk (modern textures)\simc bak\simc\debug\sc_weapon.obj
e:\wotlk\wow - wotlk (modern textures)\simc bak\simc\debug\sc_warrior.obj
e:\wotlk\wow - wotlk (modern textures)\simc bak\simc\debug\sc_warlock.obj
e:\wotlk\wow - wotlk (modern textures)\simc bak\simc\debug\sc_util.obj
e:\wotlk\wow - wotlk (modern textures)\simc bak\simc\debug\sc_unique_gear.obj
e:\wotlk\wow - wotlk (modern textures)\simc bak\simc\debug\sc_thread.obj
e:\wotlk\wow - wotlk (modern textures)\simc bak\simc\debug\sc_target.obj
e:\wotlk\wow - wotlk (modern textures)\simc bak\simc\debug\sc_stats.obj
e:\wotlk\wow - wotlk (modern textures)\simc bak\simc\debug\sc_spell.obj
e:\wotlk\wow - wotlk (modern textures)\simc bak\simc\debug\sc_sim.obj
e:\wotlk\wow - wotlk (modern textures)\simc bak\simc\debug\simc.pch
e:\wotlk\wow - wotlk (modern textures)\simc bak\simc\debug\sc_shaman.obj
e:\wotlk\wow - wotlk (modern textures)\simc bak\simc\debug\sc_set_bonus.obj
e:\wotlk\wow - wotlk (modern textures)\simc bak\simc\debug\sc_sequence.obj
e:\wotlk\wow - wotlk (modern textures)\simc bak\simc\debug\sc_scaling.obj
e:\wotlk\wow - wotlk (modern textures)\simc bak\simc\debug\sc_rogue.obj
e:\wotlk\wow - wotlk (modern textures)\simc bak\simc\debug\sc_rng.obj
e:\wotlk\wow - wotlk (modern textures)\simc bak\simc\debug\sc_report.obj
e:\wotlk\wow - wotlk (modern textures)\simc bak\simc\debug\sc_rawr.obj
e:\wotlk\wow - wotlk (modern textures)\simc bak\simc\debug\sc_rating.obj
e:\wotlk\wow - wotlk (modern textures)\simc bak\simc\debug\sc_raid_event.obj
e:\wotlk\wow - wotlk (modern textures)\simc bak\simc\debug\sc_priest.obj
e:\wotlk\wow - wotlk (modern textures)\simc bak\simc\debug\sc_plot.obj
e:\wotlk\wow - wotlk (modern textures)\simc bak\simc\debug\sc_player.obj
e:\wotlk\wow - wotlk (modern textures)\simc bak\simc\debug\sc_pet.obj
e:\wotlk\wow - wotlk (modern textures)\simc bak\simc\debug\sc_paladin.obj
e:\wotlk\wow - wotlk (modern textures)\simc bak\simc\debug\sc_option.obj
e:\wotlk\wow - wotlk (modern textures)\simc bak\simc\debug\sc_mmo_champion.obj
e:\wotlk\wow - wotlk (modern textures)\simc bak\simc\debug\sc_main.obj
e:\wotlk\wow - wotlk (modern textures)\simc bak\simc\debug\sc_mage.obj
e:\wotlk\wow - wotlk (modern textures)\simc bak\simc\debug\sc_log.obj
e:\wotlk\wow - wotlk (modern textures)\simc bak\simc\debug\sc_js.obj
e:\wotlk\wow - wotlk (modern textures)\simc bak\simc\debug\sc_item.obj
e:\wotlk\wow - wotlk (modern textures)\simc bak\simc\debug\sc_hunter.obj
e:\wotlk\wow - wotlk (modern textures)\simc bak\simc\debug\sc_http.obj
e:\wotlk\wow - wotlk (modern textures)\simc bak\simc\debug\sc_gear_stats.obj
e:\wotlk\wow - wotlk (modern textures)\simc bak\simc\debug\sc_expressions.obj
e:\wotlk\wow - wotlk (modern textures)\simc bak\simc\debug\sc_event.obj
e:\wotlk\wow - wotlk (modern textures)\simc bak\simc\debug\sc_enchant.obj
e:\wotlk\wow - wotlk (modern textures)\simc bak\simc\debug\sc_druid.obj
e:\wotlk\wow - wotlk (modern textures)\simc bak\simc\debug\sc_death_knight.obj
e:\wotlk\wow - wotlk (modern textures)\simc bak\simc\debug\sc_consumable.obj
e:\wotlk\wow - wotlk (modern textures)\simc bak\simc\debug\sc_chart.obj
e:\wotlk\wow - wotlk (modern textures)\simc bak\simc\debug\sc_buff.obj
e:\wotlk\wow - wotlk (modern textures)\simc bak\simc\debug\sc_attack.obj
e:\wotlk\wow - wotlk (modern textures)\simc bak\simc\debug\sc_armory.obj
e:\wotlk\wow - wotlk (modern textures)\simc bak\simc\debug\sc_action.obj
e:\wotlk\wow - wotlk (modern textures)\simc bak\simc\debug\simc.ilk
e:\wotlk\wow - wotlk (modern textures)\simc bak\simc\debug\simc.exe
e:\wotlk\wow - wotlk (modern textures)\simc bak\simc\debug\simc.pdb
e:\wotlk\wow - wotlk (modern textures)\simc bak\simc\debug\simc.tlog\cl.command.1.tlog
e:\wotlk\wow - wotlk (modern textures)\simc bak\simc\debug\simc.tlog\cl.read.1.tlog
e:\wotlk\wow - wotlk (modern textures)\simc bak\simc\debug\simc.tlog\cl.write.1.tlog
e:\wotlk\wow - wotlk (modern textures)\simc bak\simc\debug\simc.tlog\link.command.1.tlog
e:\wotlk\wow - wotlk (modern textures)\simc bak\simc\debug\simc.tlog\link.read.1.tlog
e:\wotlk\wow - wotlk (modern textures)\simc bak\simc\debug\simc.tlog\link.write.1.tlog
